<?xml version="1.0" encoding="UTF-8"?>
<!-- Generated by org.testng.reporters.JUnitReportReporter -->
<testsuite hostname="DESKTOP-27VEJ79" failures="0" tests="1" name="demo.Ajio" time="11.651" errors="0" timestamp="2023-07-18T18:43:39 IST" skipped="0">
  <testcase classname="demo.Ajio" name="openAjio" time="11.651"/>
  <system-out/>
</testsuite> <!-- demo.Ajio -->
